<testsuites id="" name="" tests="5" failures="0" skipped="0" errors="0" time="59.647885">
<testsuite name="Tests/UpdateProfile.test.js" timestamp="2026-02-08T16:47:47.714Z" hostname="" tests="5" failures="0" skipped="0" time="145.744" errors="0">
<testcase name="Update Profile › Update Naukri Profile of Prajwal for Pune Location" classname="Tests/UpdateProfile.test.js" time="31.907">
<system-out>
<![CDATA[✅ Navigate On URL: [https://www.naukri.com/]
----------------------------------------------------------------------------------------------------
🔄 Clicking: Login Header...
✅ Clicked [Login Header]
⏳ Time taken: 0.42 sec
----------------------------------------------------------------------------------------------------
🔄 Filling: Username field...
✅ Filled [Username field] with value: prajwalnarute2002@gmail.com
⏳ Time taken: 0.54 sec
----------------------------------------------------------------------------------------------------
🔄 Filling: Password field...
✅ Filled [Password field] with value: Prajwal@123
⏳ Time taken: 0.17 sec
----------------------------------------------------------------------------------------------------
🔄 Clicking: Login Button...
✅ Clicked [Login Button]
⏳ Time taken: 0.08 sec
----------------------------------------------------------------------------------------------------
🔄 Verifying: Welcome Window close Icon...
❌ Failed to verify visibility of [Welcome Window close Icon]
⏳ Time taken: 1.01 sec
----------------------------------------------------------------------------------------------------
🔄 Verifying: View Profile Button...
✅ Found [View Profile Button]
⏳ Time taken: 0.01 sec
----------------------------------------------------------------------------------------------------
🔄 Clicking: View Profile Button...
✅ Clicked [View Profile Button]
⏳ Time taken: 0.04 sec
----------------------------------------------------------------------------------------------------
🔄 Verifying: Update Resume Button...
✅ Found [Update Resume Button]
⏳ Time taken: 0.02 sec
----------------------------------------------------------------------------------------------------
🔄 Clicking: Update Resume Button...
✅ Clicked [Update Resume Button]
⏳ Time taken: 0.03 sec
----------------------------------------------------------------------------------------------------
🔄 Clicking: Edit Skill Icon...
✅ Clicked [Edit Skill Icon]
⏳ Time taken: 0.03 sec
----------------------------------------------------------------------------------------------------
🔄 Verifying: Scalability Skill box close icon...
❌ Failed to verify visibility of [Scalability Skill box close icon]
⏳ Time taken: 3.01 sec
----------------------------------------------------------------------------------------------------
🔄 Clicking: Skill Tab...
✅ Clicked [Skill Tab]
⏳ Time taken: 0.04 sec
----------------------------------------------------------------------------------------------------
🔄 Clicking: Scalability Suggestion...
✅ Clicked [Scalability Suggestion]
⏳ Time taken: 0.04 sec
----------------------------------------------------------------------------------------------------
🔄 Clicking: Save Button...
✅ Clicked [Save Button]
⏳ Time taken: 0.03 sec
----------------------------------------------------------------------------------------------------

[[ATTACHMENT|../test-results/Tests-UpdateProfile-Update-04f96-f-Prajwal-for-Pune-Location/video.webm]]
]]>
</system-out>
</testcase>
<testcase name="Update Profile › Update Naukri Profile of Prajwal for Banglore Location" classname="Tests/UpdateProfile.test.js" time="31.938">
<system-out>
<![CDATA[✅ Navigate On URL: [https://www.naukri.com/]
----------------------------------------------------------------------------------------------------
🔄 Clicking: Login Header...
✅ Clicked [Login Header]
⏳ Time taken: 1.23 sec
----------------------------------------------------------------------------------------------------
🔄 Filling: Username field...
✅ Filled [Username field] with value: prajwalnarute100@gmail.com
⏳ Time taken: 0.20 sec
----------------------------------------------------------------------------------------------------
🔄 Filling: Password field...
✅ Filled [Password field] with value: Prajwal@123
⏳ Time taken: 0.10 sec
----------------------------------------------------------------------------------------------------
🔄 Clicking: Login Button...
✅ Clicked [Login Button]
⏳ Time taken: 0.06 sec
----------------------------------------------------------------------------------------------------
🔄 Verifying: Welcome Window close Icon...
❌ Failed to verify visibility of [Welcome Window close Icon]
⏳ Time taken: 1.01 sec
----------------------------------------------------------------------------------------------------
🔄 Verifying: View Profile Button...
✅ Found [View Profile Button]
⏳ Time taken: 0.01 sec
----------------------------------------------------------------------------------------------------
🔄 Clicking: View Profile Button...
✅ Clicked [View Profile Button]
⏳ Time taken: 0.06 sec
----------------------------------------------------------------------------------------------------
🔄 Verifying: Update Resume Button...
✅ Found [Update Resume Button]
⏳ Time taken: 0.02 sec
----------------------------------------------------------------------------------------------------
🔄 Clicking: Update Resume Button...
✅ Clicked [Update Resume Button]
⏳ Time taken: 0.05 sec
----------------------------------------------------------------------------------------------------
🔄 Clicking: Edit Skill Icon...
✅ Clicked [Edit Skill Icon]
⏳ Time taken: 0.03 sec
----------------------------------------------------------------------------------------------------
🔄 Verifying: Scalability Skill box close icon...
❌ Failed to verify visibility of [Scalability Skill box close icon]
⏳ Time taken: 3.01 sec
----------------------------------------------------------------------------------------------------
🔄 Clicking: Skill Tab...
✅ Clicked [Skill Tab]
⏳ Time taken: 0.05 sec
----------------------------------------------------------------------------------------------------
🔄 Clicking: Scalability Suggestion...
✅ Clicked [Scalability Suggestion]
⏳ Time taken: 0.06 sec
----------------------------------------------------------------------------------------------------
🔄 Clicking: Save Button...
✅ Clicked [Save Button]
⏳ Time taken: 0.59 sec
----------------------------------------------------------------------------------------------------

[[ATTACHMENT|../test-results/Tests-UpdateProfile-Update-b6a48-ajwal-for-Banglore-Location/video.webm]]
]]>
</system-out>
</testcase>
<testcase name="Update Profile › Update Naukri Profile of Prajwal for Hyderabad Location" classname="Tests/UpdateProfile.test.js" time="31.935">
<system-out>
<![CDATA[✅ Navigate On URL: [https://www.naukri.com/]
----------------------------------------------------------------------------------------------------
🔄 Clicking: Login Header...
✅ Clicked [Login Header]
⏳ Time taken: 0.55 sec
----------------------------------------------------------------------------------------------------
🔄 Filling: Username field...
✅ Filled [Username field] with value: prajwalnarute12@gmail.com
⏳ Time taken: 0.15 sec
----------------------------------------------------------------------------------------------------
🔄 Filling: Password field...
✅ Filled [Password field] with value: Prajwal@123
⏳ Time taken: 0.16 sec
----------------------------------------------------------------------------------------------------
🔄 Clicking: Login Button...
✅ Clicked [Login Button]
⏳ Time taken: 0.08 sec
----------------------------------------------------------------------------------------------------
🔄 Verifying: Welcome Window close Icon...
❌ Failed to verify visibility of [Welcome Window close Icon]
⏳ Time taken: 1.01 sec
----------------------------------------------------------------------------------------------------
🔄 Verifying: View Profile Button...
✅ Found [View Profile Button]
⏳ Time taken: 0.01 sec
----------------------------------------------------------------------------------------------------
🔄 Clicking: View Profile Button...
✅ Clicked [View Profile Button]
⏳ Time taken: 0.06 sec
----------------------------------------------------------------------------------------------------
🔄 Verifying: Update Resume Button...
✅ Found [Update Resume Button]
⏳ Time taken: 0.02 sec
----------------------------------------------------------------------------------------------------
🔄 Clicking: Update Resume Button...
✅ Clicked [Update Resume Button]
⏳ Time taken: 0.06 sec
----------------------------------------------------------------------------------------------------
🔄 Clicking: Edit Skill Icon...
✅ Clicked [Edit Skill Icon]
⏳ Time taken: 0.05 sec
----------------------------------------------------------------------------------------------------
🔄 Verifying: Scalability Skill box close icon...
❌ Failed to verify visibility of [Scalability Skill box close icon]
⏳ Time taken: 3.01 sec
----------------------------------------------------------------------------------------------------
🔄 Clicking: Skill Tab...
✅ Clicked [Skill Tab]
⏳ Time taken: 0.06 sec
----------------------------------------------------------------------------------------------------
🔄 Clicking: Scalability Suggestion...
✅ Clicked [Scalability Suggestion]
⏳ Time taken: 0.05 sec
----------------------------------------------------------------------------------------------------
🔄 Clicking: Save Button...
✅ Clicked [Save Button]
⏳ Time taken: 0.30 sec
----------------------------------------------------------------------------------------------------

[[ATTACHMENT|../test-results/Tests-UpdateProfile-Update-6f87e-jwal-for-Hyderabad-Location/video.webm]]
]]>
</system-out>
</testcase>
<testcase name="Update Profile › Update Naukri Profile of Pratik for Mumbai Location" classname="Tests/UpdateProfile.test.js" time="24.588">
<system-out>
<![CDATA[✅ Navigate On URL: [https://www.naukri.com/]
----------------------------------------------------------------------------------------------------
🔄 Clicking: Login Header...
✅ Clicked [Login Header]
⏳ Time taken: 0.40 sec
----------------------------------------------------------------------------------------------------
🔄 Filling: Username field...
✅ Filled [Username field] with value: pratiknarute2@gmail.com
⏳ Time taken: 0.05 sec
----------------------------------------------------------------------------------------------------
🔄 Filling: Password field...
✅ Filled [Password field] with value: Pratik@123
⏳ Time taken: 0.04 sec
----------------------------------------------------------------------------------------------------
🔄 Clicking: Login Button...
✅ Clicked [Login Button]
⏳ Time taken: 0.04 sec
----------------------------------------------------------------------------------------------------
🔄 Verifying: Welcome Window close Icon...
❌ Failed to verify visibility of [Welcome Window close Icon]
⏳ Time taken: 1.00 sec
----------------------------------------------------------------------------------------------------
🔄 Verifying: View Profile Button...
✅ Found [View Profile Button]
⏳ Time taken: 0.00 sec
----------------------------------------------------------------------------------------------------
🔄 Clicking: View Profile Button...
✅ Clicked [View Profile Button]
⏳ Time taken: 0.04 sec
----------------------------------------------------------------------------------------------------
🔄 Verifying: Update Resume Button...
✅ Found [Update Resume Button]
⏳ Time taken: 0.03 sec
----------------------------------------------------------------------------------------------------
🔄 Clicking: Update Resume Button...
✅ Clicked [Update Resume Button]
⏳ Time taken: 0.05 sec
----------------------------------------------------------------------------------------------------
🔄 Clicking: Edit Skill Icon...
✅ Clicked [Edit Skill Icon]
⏳ Time taken: 0.08 sec
----------------------------------------------------------------------------------------------------
🔄 Verifying: Python Skill box close icon...
✅ Found [Python Skill box close icon]
⏳ Time taken: 0.01 sec
----------------------------------------------------------------------------------------------------
🔄 Clicking: Python Skill box close icon...
✅ Clicked [Python Skill box close icon]
⏳ Time taken: 0.23 sec
----------------------------------------------------------------------------------------------------
🔄 Clicking: Skill Tab...
✅ Clicked [Skill Tab]
⏳ Time taken: 0.05 sec
----------------------------------------------------------------------------------------------------
🔄 Clicking: Python Suggestion...
✅ Clicked [Python Suggestion]
⏳ Time taken: 0.03 sec
----------------------------------------------------------------------------------------------------
🔄 Clicking: Save Button...
✅ Clicked [Save Button]
⏳ Time taken: 0.04 sec
----------------------------------------------------------------------------------------------------

[[ATTACHMENT|../test-results/Tests-UpdateProfile-Update-bfbb6--Pratik-for-Mumbai-Location/video.webm]]
]]>
</system-out>
</testcase>
<testcase name="Update Profile › Update Naukri Profile of Narendra for Bhopal Location" classname="Tests/UpdateProfile.test.js" time="25.376">
<system-out>
<![CDATA[✅ Navigate On URL: [https://www.naukri.com/]
----------------------------------------------------------------------------------------------------
🔄 Clicking: Login Header...
✅ Clicked [Login Header]
⏳ Time taken: 1.09 sec
----------------------------------------------------------------------------------------------------
🔄 Filling: Username field...
✅ Filled [Username field] with value: narendraahirwar0306@gmail.com
⏳ Time taken: 0.07 sec
----------------------------------------------------------------------------------------------------
🔄 Filling: Password field...
✅ Filled [Password field] with value: Narendra.@123
⏳ Time taken: 0.05 sec
----------------------------------------------------------------------------------------------------
🔄 Clicking: Login Button...
✅ Clicked [Login Button]
⏳ Time taken: 0.26 sec
----------------------------------------------------------------------------------------------------
🔄 Verifying: Welcome Window close Icon...
❌ Failed to verify visibility of [Welcome Window close Icon]
⏳ Time taken: 1.00 sec
----------------------------------------------------------------------------------------------------
🔄 Verifying: View Profile Button...
✅ Found [View Profile Button]
⏳ Time taken: 0.01 sec
----------------------------------------------------------------------------------------------------
🔄 Clicking: View Profile Button...
✅ Clicked [View Profile Button]
⏳ Time taken: 0.03 sec
----------------------------------------------------------------------------------------------------
🔄 Verifying: Update Resume Button...
✅ Found [Update Resume Button]
⏳ Time taken: 0.02 sec
----------------------------------------------------------------------------------------------------
🔄 Clicking: Update Resume Button...
✅ Clicked [Update Resume Button]
⏳ Time taken: 0.04 sec
----------------------------------------------------------------------------------------------------
🔄 Clicking: Edit Skill Icon...
✅ Clicked [Edit Skill Icon]
⏳ Time taken: 0.03 sec
----------------------------------------------------------------------------------------------------
🔄 Verifying: Node.js Skill box close icon...
✅ Found [Node.js Skill box close icon]
⏳ Time taken: 0.02 sec
----------------------------------------------------------------------------------------------------
🔄 Clicking: Node.js Skill box close icon...
✅ Clicked [Node.js Skill box close icon]
⏳ Time taken: 0.25 sec
----------------------------------------------------------------------------------------------------
🔄 Clicking: Skill Tab...
✅ Clicked [Skill Tab]
⏳ Time taken: 0.04 sec
----------------------------------------------------------------------------------------------------
🔄 Clicking: Node.js Suggestion...
✅ Clicked [Node.js Suggestion]
⏳ Time taken: 0.03 sec
----------------------------------------------------------------------------------------------------
🔄 Clicking: Save Button...
✅ Clicked [Save Button]
⏳ Time taken: 0.06 sec
----------------------------------------------------------------------------------------------------

[[ATTACHMENT|../test-results/Tests-UpdateProfile-Update-e928b-arendra-for-Bhopal-Location/video.webm]]
]]>
</system-out>
</testcase>
</testsuite>
</testsuites>