<testsuites id="" name="" tests="1" failures="0" skipped="0" errors="0" time="13.808837">
<testsuite name="Tests/UpdateProfile.test.js" timestamp="2025-06-11T20:50:05.466Z" hostname="" tests="1" failures="0" skipped="0" time="13.138" errors="0">
<testcase name="Update Profile › Update Naukri Profile of Prajwal" classname="Tests/UpdateProfile.test.js" time="13.138">
<system-out>
<![CDATA[✅ Navigate On URL: [https://www.naukri.com/]
----------------------------------------------------------------------------------------------------
🔄 Clicking: Login Header...
✅ Clicked [Login Header]
⏳ Time taken: 0.06 sec
----------------------------------------------------------------------------------------------------
🔄 Filling: Username field...
✅ Filled [Username field] with value: prajwalnarute2002@gmail.com
⏳ Time taken: 0.02 sec
----------------------------------------------------------------------------------------------------
🔄 Filling: Password field...
✅ Filled [Password field] with value: Prajwal@123
⏳ Time taken: 0.02 sec
----------------------------------------------------------------------------------------------------
🔄 Clicking: Login Button...
✅ Clicked [Login Button]
⏳ Time taken: 0.01 sec
----------------------------------------------------------------------------------------------------
🔄 Verifying: View Profile Button...
✅ Found [View Profile Button]
⏳ Time taken: 0.02 sec
----------------------------------------------------------------------------------------------------
🔄 Clicking: View Profile Button...
✅ Clicked [View Profile Button]
⏳ Time taken: 0.03 sec
----------------------------------------------------------------------------------------------------
🔄 Verifying: Update Resume Button...
✅ Found [Update Resume Button]
⏳ Time taken: 0.02 sec
----------------------------------------------------------------------------------------------------
🔄 Clicking: Update Resume Button...
✅ Clicked [Update Resume Button]
⏳ Time taken: 0.03 sec
----------------------------------------------------------------------------------------------------
currentDir: /Users/pratiknarute/Automation/Web_Playwright_JS
]]>
</system-out>
</testcase>
</testsuite>
</testsuites>